# This file contains information about inputs as read by the program

 Population size = 372
 Number of generations = 50
 Number of objective functions = 1
 Number of constraints = 37
 Number of variables = 37
 Number of real variables = 37
 Lower limit of real variable 1 = 5.235988e+02
 Upper limit of real variable 1 = 6.806784e+02
 Lower limit of real variable 2 = 0.000000e+00
 Upper limit of real variable 2 = 4.014257e-01
 Lower limit of real variable 3 = 5.000000e-02
 Upper limit of real variable 3 = 1.270000e-01
 Lower limit of real variable 4 = -1.745329e-01
 Upper limit of real variable 4 = 1.745329e-01
 Lower limit of real variable 5 = -1.745329e-01
 Upper limit of real variable 5 = 1.745329e-01
 Lower limit of real variable 6 = -1.745329e-01
 Upper limit of real variable 6 = 1.745329e-01
 Lower limit of real variable 7 = -1.745329e-01
 Upper limit of real variable 7 = 1.745329e-01
 Lower limit of real variable 8 = -1.745329e-01
 Upper limit of real variable 8 = 1.745329e-01
 Lower limit of real variable 9 = -1.745329e-01
 Upper limit of real variable 9 = 1.745329e-01
 Lower limit of real variable 10 = -1.745329e-01
 Upper limit of real variable 10 = 1.745329e-01
 Lower limit of real variable 11 = -1.745329e-01
 Upper limit of real variable 11 = 1.745329e-01
 Lower limit of real variable 12 = -1.745329e-01
 Upper limit of real variable 12 = 1.745329e-01
 Lower limit of real variable 13 = -1.745329e-01
 Upper limit of real variable 13 = 1.745329e-01
 Lower limit of real variable 14 = -1.745329e-01
 Upper limit of real variable 14 = 1.745329e-01
 Lower limit of real variable 15 = -1.745329e-01
 Upper limit of real variable 15 = 1.745329e-01
 Lower limit of real variable 16 = -1.745329e-01
 Upper limit of real variable 16 = 1.745329e-01
 Lower limit of real variable 17 = -1.745329e-01
 Upper limit of real variable 17 = 1.745329e-01
 Lower limit of real variable 18 = -1.745329e-01
 Upper limit of real variable 18 = 1.745329e-01
 Lower limit of real variable 19 = -1.745329e-01
 Upper limit of real variable 19 = 1.745329e-01
 Lower limit of real variable 20 = -1.745329e-01
 Upper limit of real variable 20 = 1.745329e-01
 Lower limit of real variable 21 = -5.000000e-02
 Upper limit of real variable 21 = 5.000000e-02
 Lower limit of real variable 22 = -5.000000e-02
 Upper limit of real variable 22 = 5.000000e-02
 Lower limit of real variable 23 = -5.000000e-02
 Upper limit of real variable 23 = 5.000000e-02
 Lower limit of real variable 24 = -5.000000e-02
 Upper limit of real variable 24 = 5.000000e-02
 Lower limit of real variable 25 = -5.000000e-02
 Upper limit of real variable 25 = 5.000000e-02
 Lower limit of real variable 26 = -5.000000e-02
 Upper limit of real variable 26 = 5.000000e-02
 Lower limit of real variable 27 = -5.000000e-02
 Upper limit of real variable 27 = 5.000000e-02
 Lower limit of real variable 28 = -5.000000e-02
 Upper limit of real variable 28 = 5.000000e-02
 Lower limit of real variable 29 = -5.000000e-02
 Upper limit of real variable 29 = 5.000000e-02
 Lower limit of real variable 30 = -5.000000e-02
 Upper limit of real variable 30 = 5.000000e-02
 Lower limit of real variable 31 = -5.000000e-02
 Upper limit of real variable 31 = 5.000000e-02
 Lower limit of real variable 32 = -5.000000e-02
 Upper limit of real variable 32 = 5.000000e-02
 Lower limit of real variable 33 = -5.000000e-02
 Upper limit of real variable 33 = 5.000000e-02
 Lower limit of real variable 34 = -5.000000e-02
 Upper limit of real variable 34 = 5.000000e-02
 Lower limit of real variable 35 = -5.000000e-02
 Upper limit of real variable 35 = 5.000000e-02
 Lower limit of real variable 36 = -5.000000e-02
 Upper limit of real variable 36 = 5.000000e-02
 Lower limit of real variable 37 = -5.000000e-02
 Upper limit of real variable 37 = 5.000000e-02
 Probability of crossover of real variable = 6.000000e-01
 Probability of mutation of real variable = 2.000000e-01
 Distribution index for crossover = 1.000000e+01
 Distribution index for mutation = 2.000000e+01
 Number of binary variables = 0
 Seed for random number generator = 1.486047e+09
 Number of crossover of real variable = 0
 Number of mutation of real variable = 0