



   ---------------------------------------------------------------------------
     START OF THE SEQUENTIAL LEAST SQUARES PROGRAMMING ALGORIT  
   ---------------------------------------------------------------------------

     PARAMETERS:
        ACC =   0.1000D-05
        MAXITER = 50
        IPRINT =   1
IOUT =   6




     ITER =    1     OBJ = -0.57404574E+01
      0.5378E+03
      0.5384E+00
      0.8752E+00
     -0.1190E+00
     -0.2166E-01
      0.2494E-01
     -0.1745E+00
     -0.7203E-01
     -0.1732E+00
     -0.5827E-01
     -0.1027E+00
      0.2862E-01
      0.1609E+00
      0.6900E-01
     -0.6213E-01
     -0.3709E-01
     -0.8166E-01
      0.2409E-01
      0.1083E+00
     -0.1048E-01
      0.3800E-01
     -0.1594E-01
     -0.2228E-01
     -0.2896E-02
     -0.3423E-01
      0.3069E-01
     -0.5058E-01
     -0.7720E-02
      0.3208E-01
     -0.1873E-01
      0.4576E-01
     -0.5492E-01
      0.7680E-01
      0.4890E-01
     -0.7993E-01
     -0.7275E-01
      0.7304E-01


     ITER =    2     OBJ = -0.71617275E+01
      0.5378E+03
      0.5382E+00
      0.8750E+00
     -0.1190E+00
     -0.2170E-01
      0.2488E-01
     -0.1745E+00
     -0.7206E-01
     -0.1732E+00
     -0.5830E-01
     -0.1027E+00
      0.2857E-01
      0.1609E+00
      0.6894E-01
     -0.6215E-01
     -0.3712E-01
     -0.8169E-01
      0.2404E-01
      0.1083E+00
     -0.1053E-01
      0.3796E-01
     -0.1596E-01
     -0.2227E-01
     -0.2895E-02
     -0.3423E-01
      0.3069E-01
     -0.5056E-01
     -0.7728E-02
      0.3207E-01
     -0.1872E-01
      0.4574E-01
     -0.5491E-01
      0.7678E-01
      0.4889E-01
     -0.7991E-01
     -0.7273E-01
      0.7302E-01


     ITER =    3     OBJ = -0.75450462E+01
      0.5378E+03
      0.5382E+00
      0.8750E+00
     -0.1190E+00
     -0.2171E-01
      0.2487E-01
     -0.1745E+00
     -0.7206E-01
     -0.1732E+00
     -0.5830E-01
     -0.1027E+00
      0.2856E-01
      0.1608E+00
      0.6892E-01
     -0.6216E-01
     -0.3713E-01
     -0.8169E-01
      0.2403E-01
      0.1082E+00
     -0.1053E-01
      0.3796E-01
     -0.1596E-01
     -0.2227E-01
     -0.2895E-02
     -0.3422E-01
      0.3069E-01
     -0.5055E-01
     -0.7730E-02
      0.3207E-01
     -0.1872E-01
      0.4574E-01
     -0.5491E-01
      0.7678E-01
      0.4889E-01
     -0.7990E-01
     -0.7273E-01
      0.7302E-01


     ITER =    4     OBJ =  0.10000000E+04
      0.5382E+03
     -0.5683E+01
     -0.6799E+01
     -0.8591E+00
     -0.1867E+01
     -0.2349E+01
     -0.2844E+00
     -0.1345E+01
     -0.2980E+00
     -0.1488E+01
     -0.1028E+01
     -0.2386E+01
     -0.3755E+01
     -0.2803E+01
     -0.1445E+01
     -0.1705E+01
     -0.1243E+01
     -0.2234E+01
     -0.3103E+01
     -0.1873E+01
     -0.1538E+01
     -0.9792E+00
      0.2217E+00
      0.2100E-01
      0.3456E+00
     -0.1251E+00
      0.7754E+00
     -0.3913E+00
     -0.3407E+00
      0.1852E+00
     -0.4823E+00
      0.5601E+00
     -0.8036E+00
     -0.5149E+00
      0.8273E+00
      0.7532E+00
     -0.7560E+00
